--- Job HANA.A2GAMS.gms Start 05/17/22 14:56:56 39.1.0 5f04cd76 DEX-DEG x86 64bit/Mac OS X
--- Applying:
    /Library/Frameworks/GAMS.framework/Versions/39/Resources/gmsprmun.txt
--- GAMS Parameters defined
    Input /Users/apple/Downloads/Hana.A2GAMS/HANA.A2GAMS.gms
    PageSize 0
    ScrDir /Users/apple/Downloads/Hana.A2GAMS/225a/
    SysDir /Library/Frameworks/GAMS.framework/Versions/39/Resources/
    LogOption 3
    ErrMsg 1
    ErrorLog 99
    IDE 1
    LstTitleLeftAligned 1
Licensee: GAMS Demo license for Dianti Kamasela          G220509|0002CO-GEN
          Kyoto University, Indonesia                              DL067067
          /Users/apple/Library/Application Support/GAMS/gamslice.txt
          diantifk@gmail.com, Dianti Kamasela                              
          Demo license for demonstration and instructional purposes only
Processor information: 1 socket(s), 2 core(s), and 4 thread(s) available
GAMS 39.1.0   Copyright (C) 1987-2022 GAMS Development. All rights reserved
--- Starting compilation
--- HANA.A2GAMS.gms(25) 2 Mb
--- Starting execution: elapsed 0:00:00.011
--- HANA.A2GAMS.gms(19) 3 Mb
--- Generating NLP model Q1
--- HANA.A2GAMS.gms(21) 5 Mb
---   1 rows  2 columns  2 non-zeroes
---   15 nl-code  1 nl-non-zeroes
--- Range statistics (absolute non-zero finite values)
--- RHS       [min, max] : [ 2.000E+00, 2.000E+00]
--- Bound     [min, max] : [        NA,        NA]
--- Matrix    [min, max] : [ 1.000E+00, 2.000E+00]
--- HANA.A2GAMS.gms(21) 3 Mb
--- Executing CONOPT (Solvelink=2): elapsed 0:00:00.025

CONOPT 3         39.1.0 5f04cd76 May 3, 2022           DEG x86 64bit/Mac OS X 

--- *** This solver runs with a demo license. No commercial use.
 
 
    C O N O P T 3   version 3.17M
    Copyright (C)   ARKI Consulting and Development A/S
                    Bagsvaerdvej 246 A
                    DK-2880 Bagsvaerd, Denmark
 
 
   Iter Phase Ninf   Infeasibility   RGmax    NSB   Step InItr MX OK
      0   0        3.0000000000E+00 (Input point)
 
                   Pre-triangular equations:   0
                   Post-triangular equations:  1
 
      1   0        0.0000000000E+00 (After pre-processing)
      2   0        0.0000000000E+00 (After scaling)
 
 ** Feasible solution. Value of objective =   -3.00000000000
 
   Iter Phase Ninf     Objective     RGmax    NSB   Step InItr MX OK
      6   4       -3.1018500798E+00 3.0E-04     1 1.0E+00    1 F  T
      7   4       -3.1018500798E+00 4.6E-09     1
 
 ** Optimal solution. Reduced gradient less than tolerance.
 
--- Reading solution for model Q1
--- Executing after solve: elapsed 0:00:00.104
--- HANA.A2GAMS.gms(23) 3 Mb
*** Status: Normal completion
--- Job HANA.A2GAMS.gms Stop 05/17/22 14:56:56 elapsed 0:00:00.105
