--- Job Q3.gms Start 05/18/22 15:53:30 39.1.0 5f04cd76 DEX-DEG x86 64bit/Mac OS X
--- Applying:
    /Library/Frameworks/GAMS.framework/Versions/39/Resources/gmsprmun.txt
--- GAMS Parameters defined
    Input /Users/apple/Downloads/Hana.A2GAMS/Q3.gms
    PageSize 0
    ScrDir /Users/apple/Downloads/Hana.A2GAMS/225a/
    SysDir /Library/Frameworks/GAMS.framework/Versions/39/Resources/
    LogOption 3
    ErrMsg 1
    ErrorLog 99
    IDE 1
    LstTitleLeftAligned 1
Licensee: GAMS Demo license for Dianti Kamasela          G220509|0002CO-GEN
          Kyoto University, Indonesia                              DL067067
          /Users/apple/Library/Application Support/GAMS/gamslice.txt
          diantifk@gmail.com, Dianti Kamasela                              
          Demo license for demonstration and instructional purposes only
Processor information: 1 socket(s), 2 core(s), and 4 thread(s) available
GAMS 39.1.0   Copyright (C) 1987-2022 GAMS Development. All rights reserved
--- Starting compilation
--- Q3.gms(60) 3 Mb
--- Starting execution: elapsed 0:00:00.031
--- Q3.gms(49) 4 Mb
--- Generating NLP model Q3
--- Q3.gms(53) 6 Mb
---   101 rows  121 columns  280 non-zeroes
---   321 nl-code  80 nl-non-zeroes
--- Range statistics (absolute non-zero finite values)
--- RHS       [min, max] : [ 1.020E+01, 2.000E+01] - Zero values observed as well
--- Bound     [min, max] : [        NA,        NA] - Zero values observed as well
--- Matrix    [min, max] : [ 1.000E-01, 1.000E+00] - Zero values observed as well
--- Q3.gms(53) 4 Mb
--- Executing CONOPT (Solvelink=2): elapsed 0:00:00.056

CONOPT 3         39.1.0 5f04cd76 May 3, 2022           DEG x86 64bit/Mac OS X 

--- *** This solver runs with a demo license. No commercial use.
 
 
    C O N O P T 3   version 3.17M
    Copyright (C)   ARKI Consulting and Development A/S
                    Bagsvaerdvej 246 A
                    DK-2880 Bagsvaerd, Denmark
 
 
   Iter Phase Ninf   Infeasibility   RGmax    NSB   Step InItr MX OK
      0   0        3.1557284295E+02 (Input point)
 
                   Pre-triangular equations:   20
                   Post-triangular equations:  21
                   Definitional equations:     39
 
      1   0        2.2219571505E+02 (After pre-processing)
      2   0        2.7774464382E+01 (After scaling)
 
 ** Feasible solution. Value of objective =    13.8595174382
 
   Iter Phase Ninf     Objective     RGmax    NSB   Step InItr MX OK
      6   3        1.4367655936E+01 1.8E+00    16 1.9E-02    7 F  F
     11   4        1.4391092057E+01 1.6E-01    15 3.5E-01      T  T
     21   4        1.4447499850E+01 7.5E-03     9 1.0E+00    4 F  T
     26   4        1.4448591577E+01 5.6E-08    10
 
 ** Optimal solution. Reduced gradient less than tolerance.
 
--- Reading solution for model Q3
--- Executing after solve: elapsed 0:00:00.632
--- Q3.gms(55) 4 Mb
*** Status: Normal completion
--- Job Q3.gms Stop 05/18/22 15:53:31 elapsed 0:00:00.632
