
--- Job A1.Hana.gms Start 05/13/22 16:09:12 39.1.0 5f04cd76 DEX-DEG x86 64bit/Mac OS X
--- Applying:
    /Library/Frameworks/GAMS.framework/Versions/39/Resources/gmsprmun.txt
--- GAMS Parameters defined
    Input /Users/apple/Downloads/Hana.A1/A1.Hana.gms
    PageSize 0
    ScrDir /Users/apple/Downloads/Hana.A1/225a/
    SysDir /Library/Frameworks/GAMS.framework/Versions/39/Resources/
    LogOption 3
    ErrMsg 1
    ErrorLog 99
    IDE 1
    LstTitleLeftAligned 1
Licensee: GAMS Demo license for Dianti Kamasela          G220509|0002CO-GEN
          Kyoto University, Indonesia                              DL067067
          /Users/apple/Library/Application Support/GAMS/gamslice.txt
          diantifk@gmail.com, Dianti Kamasela                              
          Demo license for demonstration and instructional purposes only
Processor information: 1 socket(s), 2 core(s), and 4 thread(s) available
GAMS 39.1.0   Copyright (C) 1987-2022 GAMS Development. All rights reserved
--- Starting compilation
--- A1.Hana.gms(188) 3 Mb
--- Starting execution: elapsed 0:00:00.007
--- A1.Hana.gms(176) 4 Mb
*** Status: Normal completion
--- Job A1.Hana.gms Stop 05/13/22 16:09:12 elapsed 0:00:00.010
